[2026-02-22T20:38:10.266Z] Initialization failed
Error: PrismaClientConstructorValidationError: "adapter" property can only be provided to PrismaClient constructor when "driverAdapters" preview feature is enabled.
Read more at https://pris.ly/d/client-constructor
    at Object.adapter (D:\web\AROMIX-Sistem\node_modules\@prisma\client\runtime\library.js:125:408)
    at tu (D:\web\AROMIX-Sistem\node_modules\@prisma\client\runtime\library.js:126:2527)
    at new t (D:\web\AROMIX-Sistem\node_modules\@prisma\client\runtime\library.js:130:775)
    at prismaClientSingleton (webpack-internal:///(rsc)/./src/lib/prisma.ts:36:24)
    at eval (webpack-internal:///(rsc)/./src/lib/prisma.ts:52:35)
    at (rsc)/./src/lib/prisma.ts (D:\web\AROMIX-Sistem\.next\server\app\api\debug\test-db\route.js:218:1)
    at __webpack_require__ (D:\web\AROMIX-Sistem\.next\server\webpack-runtime.js:33:42)
    at eval (webpack-internal:///(rsc)/./src/app/api/debug/test-db/route.ts:6:69)
    at (rsc)/./src/app/api/debug/test-db/route.ts (D:\web\AROMIX-Sistem\.next\server\app\api\debug\test-db\route.js:207:1)
    at __webpack_require__ (D:\web\AROMIX-Sistem\.next\server\webpack-runtime.js:33:42)
    at eval (webpack-internal:///(rsc)/./node_modules/next/dist/build/webpack/loaders/next-app-loader.js?name=app%2Fapi%2Fdebug%2Ftest-db%2Froute&page=%2Fapi%2Fdebug%2Ftest-db%2Froute&appPaths=&pagePath=private-next-app-dir%2Fapi%2Fdebug%2Ftest-db%2Froute.ts&appDir=D%3A%5Cweb%5CAROMIX-Sistem%5Csrc%5Capp&pageExtensions=tsx&pageExtensions=ts&pageExtensions=jsx&pageExtensions=js&rootDir=D%3A%5Cweb%5CAROMIX-Sistem&isDev=true&tsconfigPath=tsconfig.json&basePath=&assetPrefix=&nextConfigOutput=&preferredRegion=&middlewareConfig=e30%3D!:17:112)
    at (rsc)/./node_modules/next/dist/build/webpack/loaders/next-app-loader.js?name=app%2Fapi%2Fdebug%2Ftest-db%2Froute&page=%2Fapi%2Fdebug%2Ftest-db%2Froute&appPaths=&pagePath=private-next-app-dir%2Fapi%2Fdebug%2Ftest-db%2Froute.ts&appDir=D%3A%5Cweb%5CAROMIX-Sistem%5Csrc%5Capp&pageExtensions=tsx&pageExtensions=ts&pageExtensions=jsx&pageExtensions=js&rootDir=D%3A%5Cweb%5CAROMIX-Sistem&isDev=true&tsconfigPath=tsconfig.json&basePath=&assetPrefix=&nextConfigOutput=&preferredRegion=&middlewareConfig=e30%3D! (D:\web\AROMIX-Sistem\.next\server\app\api\debug\test-db\route.js:196:1)
    at __webpack_require__ (D:\web\AROMIX-Sistem\.next\server\webpack-runtime.js:33:42)
    at __webpack_exec__ (D:\web\AROMIX-Sistem\.next\server\app\api\debug\test-db\route.js:228:39)
    at D:\web\AROMIX-Sistem\.next\server\app\api\debug\test-db\route.js:229:187
    at __webpack_require__.X (D:\web\AROMIX-Sistem\.next\server\webpack-runtime.js:116:21)
    at D:\web\AROMIX-Sistem\.next\server\app\api\debug\test-db\route.js:229:47
    at Object.<anonymous> (D:\web\AROMIX-Sistem\.next\server\app\api\debug\test-db\route.js:232:3)
    at Module._compile (node:internal/modules/cjs/loader:1761:14)
    at Object..js (node:internal/modules/cjs/loader:1893:10)
    at Module.load (node:internal/modules/cjs/loader:1481:32)
    at Module._load (node:internal/modules/cjs/loader:1300:12)
    at TracingChannel.traceSync (node:diagnostics_channel:328:14)
    at wrapModuleLoad (node:internal/modules/cjs/loader:245:24)
    at Module.<anonymous> (node:internal/modules/cjs/loader:1504:12)
    at mod.require (D:\web\AROMIX-Sistem\node_modules\next\dist\server\require-hook.js:65:28)
    at require (node:internal/modules/helpers:152:16)
    at requirePage (D:\web\AROMIX-Sistem\node_modules\next\dist\server\require.js:109:84)
    at D:\web\AROMIX-Sistem\node_modules\next\dist\server\load-components.js:74:84
    at async loadComponentsImpl (D:\web\AROMIX-Sistem\node_modules\next\dist\server\load-components.js:74:26)
    at async DevServer.findPageComponentsImpl (D:\web\AROMIX-Sistem\node_modules\next\dist\server\next-server.js:675:36)

[2026-02-22T20:38:10.269Z] Top level singleton call failed
Error: PrismaClientConstructorValidationError: "adapter" property can only be provided to PrismaClient constructor when "driverAdapters" preview feature is enabled.
Read more at https://pris.ly/d/client-constructor
    at Object.adapter (D:\web\AROMIX-Sistem\node_modules\@prisma\client\runtime\library.js:125:408)
    at tu (D:\web\AROMIX-Sistem\node_modules\@prisma\client\runtime\library.js:126:2527)
    at new t (D:\web\AROMIX-Sistem\node_modules\@prisma\client\runtime\library.js:130:775)
    at prismaClientSingleton (webpack-internal:///(rsc)/./src/lib/prisma.ts:36:24)
    at eval (webpack-internal:///(rsc)/./src/lib/prisma.ts:52:35)
    at (rsc)/./src/lib/prisma.ts (D:\web\AROMIX-Sistem\.next\server\app\api\debug\test-db\route.js:218:1)
    at __webpack_require__ (D:\web\AROMIX-Sistem\.next\server\webpack-runtime.js:33:42)
    at eval (webpack-internal:///(rsc)/./src/app/api/debug/test-db/route.ts:6:69)
    at (rsc)/./src/app/api/debug/test-db/route.ts (D:\web\AROMIX-Sistem\.next\server\app\api\debug\test-db\route.js:207:1)
    at __webpack_require__ (D:\web\AROMIX-Sistem\.next\server\webpack-runtime.js:33:42)
    at eval (webpack-internal:///(rsc)/./node_modules/next/dist/build/webpack/loaders/next-app-loader.js?name=app%2Fapi%2Fdebug%2Ftest-db%2Froute&page=%2Fapi%2Fdebug%2Ftest-db%2Froute&appPaths=&pagePath=private-next-app-dir%2Fapi%2Fdebug%2Ftest-db%2Froute.ts&appDir=D%3A%5Cweb%5CAROMIX-Sistem%5Csrc%5Capp&pageExtensions=tsx&pageExtensions=ts&pageExtensions=jsx&pageExtensions=js&rootDir=D%3A%5Cweb%5CAROMIX-Sistem&isDev=true&tsconfigPath=tsconfig.json&basePath=&assetPrefix=&nextConfigOutput=&preferredRegion=&middlewareConfig=e30%3D!:17:112)
    at (rsc)/./node_modules/next/dist/build/webpack/loaders/next-app-loader.js?name=app%2Fapi%2Fdebug%2Ftest-db%2Froute&page=%2Fapi%2Fdebug%2Ftest-db%2Froute&appPaths=&pagePath=private-next-app-dir%2Fapi%2Fdebug%2Ftest-db%2Froute.ts&appDir=D%3A%5Cweb%5CAROMIX-Sistem%5Csrc%5Capp&pageExtensions=tsx&pageExtensions=ts&pageExtensions=jsx&pageExtensions=js&rootDir=D%3A%5Cweb%5CAROMIX-Sistem&isDev=true&tsconfigPath=tsconfig.json&basePath=&assetPrefix=&nextConfigOutput=&preferredRegion=&middlewareConfig=e30%3D! (D:\web\AROMIX-Sistem\.next\server\app\api\debug\test-db\route.js:196:1)
    at __webpack_require__ (D:\web\AROMIX-Sistem\.next\server\webpack-runtime.js:33:42)
    at __webpack_exec__ (D:\web\AROMIX-Sistem\.next\server\app\api\debug\test-db\route.js:228:39)
    at D:\web\AROMIX-Sistem\.next\server\app\api\debug\test-db\route.js:229:187
    at __webpack_require__.X (D:\web\AROMIX-Sistem\.next\server\webpack-runtime.js:116:21)
    at D:\web\AROMIX-Sistem\.next\server\app\api\debug\test-db\route.js:229:47
    at Object.<anonymous> (D:\web\AROMIX-Sistem\.next\server\app\api\debug\test-db\route.js:232:3)
    at Module._compile (node:internal/modules/cjs/loader:1761:14)
    at Object..js (node:internal/modules/cjs/loader:1893:10)
    at Module.load (node:internal/modules/cjs/loader:1481:32)
    at Module._load (node:internal/modules/cjs/loader:1300:12)
    at TracingChannel.traceSync (node:diagnostics_channel:328:14)
    at wrapModuleLoad (node:internal/modules/cjs/loader:245:24)
    at Module.<anonymous> (node:internal/modules/cjs/loader:1504:12)
    at mod.require (D:\web\AROMIX-Sistem\node_modules\next\dist\server\require-hook.js:65:28)
    at require (node:internal/modules/helpers:152:16)
    at requirePage (D:\web\AROMIX-Sistem\node_modules\next\dist\server\require.js:109:84)
    at D:\web\AROMIX-Sistem\node_modules\next\dist\server\load-components.js:74:84
    at async loadComponentsImpl (D:\web\AROMIX-Sistem\node_modules\next\dist\server\load-components.js:74:26)
    at async DevServer.findPageComponentsImpl (D:\web\AROMIX-Sistem\node_modules\next\dist\server\next-server.js:675:36)

[2026-02-22T20:38:38.870Z] prismaClientSingleton() invoked
[2026-02-22T20:38:38.870Z] ws assigned to neonConfig
[2026-02-22T20:38:38.870Z] Pool created
[2026-02-22T20:38:38.871Z] FATAL ERROR: PrismaClientConstructorValidationError: "adapter" property can only be provided to PrismaClient constructor when "driverAdapters" preview feature is enabled.
Read more at https://pris.ly/d/client-constructor
    at Object.adapter (D:\web\AROMIX-Sistem\node_modules\@prisma\client\runtime\library.js:125:408)
    at tu (D:\web\AROMIX-Sistem\node_modules\@prisma\client\runtime\library.js:126:2527)
    at new t (D:\web\AROMIX-Sistem\node_modules\@prisma\client\runtime\library.js:130:775)
    at prismaClientSingleton (webpack-internal:///(rsc)/./src/lib/prisma.ts:39:24)
    at eval (webpack-internal:///(rsc)/./src/lib/prisma.ts:54:37)
    at (rsc)/./src/lib/prisma.ts (D:\web\AROMIX-Sistem\.next\server\app\api\debug\test-db\route.js:218:1)
    at __webpack_require__ (D:\web\AROMIX-Sistem\.next\server\webpack-runtime.js:33:42)
    at eval (webpack-internal:///(rsc)/./src/app/api/debug/test-db/route.ts:6:69)
    at (rsc)/./src/app/api/debug/test-db/route.ts (D:\web\AROMIX-Sistem\.next\server\app\api\debug\test-db\route.js:207:1)
    at __webpack_require__ (D:\web\AROMIX-Sistem\.next\server\webpack-runtime.js:33:42)
    at eval (webpack-internal:///(rsc)/./node_modules/next/dist/build/webpack/loaders/next-app-loader.js?name=app%2Fapi%2Fdebug%2Ftest-db%2Froute&page=%2Fapi%2Fdebug%2Ftest-db%2Froute&appPaths=&pagePath=private-next-app-dir%2Fapi%2Fdebug%2Ftest-db%2Froute.ts&appDir=D%3A%5Cweb%5CAROMIX-Sistem%5Csrc%5Capp&pageExtensions=tsx&pageExtensions=ts&pageExtensions=jsx&pageExtensions=js&rootDir=D%3A%5Cweb%5CAROMIX-Sistem&isDev=true&tsconfigPath=tsconfig.json&basePath=&assetPrefix=&nextConfigOutput=&preferredRegion=&middlewareConfig=e30%3D!:17:112)
    at (rsc)/./node_modules/next/dist/build/webpack/loaders/next-app-loader.js?name=app%2Fapi%2Fdebug%2Ftest-db%2Froute&page=%2Fapi%2Fdebug%2Ftest-db%2Froute&appPaths=&pagePath=private-next-app-dir%2Fapi%2Fdebug%2Ftest-db%2Froute.ts&appDir=D%3A%5Cweb%5CAROMIX-Sistem%5Csrc%5Capp&pageExtensions=tsx&pageExtensions=ts&pageExtensions=jsx&pageExtensions=js&rootDir=D%3A%5Cweb%5CAROMIX-Sistem&isDev=true&tsconfigPath=tsconfig.json&basePath=&assetPrefix=&nextConfigOutput=&preferredRegion=&middlewareConfig=e30%3D! (D:\web\AROMIX-Sistem\.next\server\app\api\debug\test-db\route.js:196:1)
    at __webpack_require__ (D:\web\AROMIX-Sistem\.next\server\webpack-runtime.js:33:42)
    at __webpack_exec__ (D:\web\AROMIX-Sistem\.next\server\app\api\debug\test-db\route.js:228:39)
    at D:\web\AROMIX-Sistem\.next\server\app\api\debug\test-db\route.js:229:187
    at __webpack_require__.X (D:\web\AROMIX-Sistem\.next\server\webpack-runtime.js:116:21)
    at D:\web\AROMIX-Sistem\.next\server\app\api\debug\test-db\route.js:229:47
    at Object.<anonymous> (D:\web\AROMIX-Sistem\.next\server\app\api\debug\test-db\route.js:232:3)
    at Module._compile (node:internal/modules/cjs/loader:1761:14)
    at Object..js (node:internal/modules/cjs/loader:1893:10)
    at Module.load (node:internal/modules/cjs/loader:1481:32)
    at Module._load (node:internal/modules/cjs/loader:1300:12)
    at TracingChannel.traceSync (node:diagnostics_channel:328:14)
    at wrapModuleLoad (node:internal/modules/cjs/loader:245:24)
    at Module.<anonymous> (node:internal/modules/cjs/loader:1504:12)
    at mod.require (D:\web\AROMIX-Sistem\node_modules\next\dist\server\require-hook.js:65:28)
    at require (node:internal/modules/helpers:152:16)
    at requirePage (D:\web\AROMIX-Sistem\node_modules\next\dist\server\require.js:109:84)
    at D:\web\AROMIX-Sistem\node_modules\next\dist\server\load-components.js:74:84
    at async loadComponentsImpl (D:\web\AROMIX-Sistem\node_modules\next\dist\server\load-components.js:74:26)
    at async DevServer.findPageComponentsImpl (D:\web\AROMIX-Sistem\node_modules\next\dist\server\next-server.js:675:36)
